[0417/170309.759:INFO:CONSOLE(0)] "Error with Permissions-Policy header: Feature xr-spatial-tracking's parameters are ignored.", source:  (0)
[0417/170309.759:INFO:CONSOLE(0)] "Error with Permissions-Policy header: Origin trial controlled feature not enabled: 'attribution-reporting'.", source:  (0)
[0417/170309.759:INFO:CONSOLE(0)] "Error with Permissions-Policy header: Unrecognized feature: 'compute-pressure'.", source:  (0)
[0417/170309.759:INFO:CONSOLE(0)] "Error with Permissions-Policy header: Origin trial controlled feature not enabled: 'interest-cohort'.", source:  (0)
[0417/170309.760:INFO:CONSOLE(0)] "Error with Permissions-Policy header: Unrecognized feature: 'private-state-token-issuance'.", source:  (0)
[0417/170309.761:INFO:CONSOLE(0)] "Error with Permissions-Policy header: Origin trial controlled feature not enabled: 'shared-storage'.", source:  (0)
[0417/170309.761:INFO:CONSOLE(0)] "Error with Permissions-Policy header: Unrecognized feature: 'shared-storage-select-url'.", source:  (0)
[0417/170309.761:INFO:CONSOLE(0)] "Error with Permissions-Policy header: Unrecognized feature: 'private-state-token-redemption'.", source:  (0)
[0417/170309.761:INFO:CONSOLE(0)] "Error with Permissions-Policy header: Unrecognized feature: 'unload'.", source:  (0)
[0417/170309.761:INFO:CONSOLE(0)] "Error with Permissions-Policy header: Unrecognized feature: 'window-management'.", source:  (0)
[0417/170313.492:INFO:CONSOLE(152)] "Event handler of 'x-storagemutated-1' event must be added on the initial evaluation of worker script.", source: https://static.whatsapp.net/rsrc.php/v4/yg/r/BB2mmu6TMDw.js (152)
[0417/170357.051:INFO:CONSOLE(152)] "Event handler of 'x-storagemutated-1' event must be added on the initial evaluation of worker script.", source: https://static.whatsapp.net/rsrc.php/v4/yg/r/BB2mmu6TMDw.js (152)
[0417/170459.670:INFO:CONSOLE(152)] "Event handler of 'x-storagemutated-1' event must be added on the initial evaluation of worker script.", source: https://static.whatsapp.net/rsrc.php/v4/yg/r/BB2mmu6TMDw.js (152)
[0417/170701.504:INFO:CONSOLE(152)] "Event handler of 'x-storagemutated-1' event must be added on the initial evaluation of worker script.", source: https://static.whatsapp.net/rsrc.php/v4/yg/r/BB2mmu6TMDw.js (152)
[0417/170810.360:INFO:CONSOLE(152)] "Event handler of 'x-storagemutated-1' event must be added on the initial evaluation of worker script.", source: https://static.whatsapp.net/rsrc.php/v4/yg/r/BB2mmu6TMDw.js (152)
[0417/170900.818:INFO:CONSOLE(1760)] "Failed to parse video contentType: video/mp4; codecs=avc1.42000a", source: https://static.whatsapp.net/rsrc.php/v4iR5P4/yC/l/rt/SML_BOVZPC4.js (1760)
[0417/170900.818:INFO:CONSOLE(1760)] "Failed to parse video contentType: video/mp4; codecs=hev1.1.6.L93.B0", source: https://static.whatsapp.net/rsrc.php/v4iR5P4/yC/l/rt/SML_BOVZPC4.js (1760)
[0417/171035.734:INFO:CONSOLE(152)] "Event handler of 'x-storagemutated-1' event must be added on the initial evaluation of worker script.", source: https://static.whatsapp.net/rsrc.php/v4/yg/r/BB2mmu6TMDw.js (152)
[0417/171150.177:INFO:CONSOLE(152)] "Event handler of 'x-storagemutated-1' event must be added on the initial evaluation of worker script.", source: https://static.whatsapp.net/rsrc.php/v4/yg/r/BB2mmu6TMDw.js (152)
[0417/171316.057:INFO:CONSOLE(152)] "Event handler of 'x-storagemutated-1' event must be added on the initial evaluation of worker script.", source: https://static.whatsapp.net/rsrc.php/v4/yg/r/BB2mmu6TMDw.js (152)
[0417/171551.806:INFO:CONSOLE(152)] "Event handler of 'x-storagemutated-1' event must be added on the initial evaluation of worker script.", source: https://static.whatsapp.net/rsrc.php/v4/yg/r/BB2mmu6TMDw.js (152)
[0417/171728.637:INFO:CONSOLE(152)] "Event handler of 'x-storagemutated-1' event must be added on the initial evaluation of worker script.", source: https://static.whatsapp.net/rsrc.php/v4/yg/r/BB2mmu6TMDw.js (152)
[0417/172102.686:INFO:CONSOLE(152)] "Event handler of 'x-storagemutated-1' event must be added on the initial evaluation of worker script.", source: https://static.whatsapp.net/rsrc.php/v4/yg/r/BB2mmu6TMDw.js (152)
[0417/172307.258:INFO:CONSOLE(152)] "Event handler of 'x-storagemutated-1' event must be added on the initial evaluation of worker script.", source: https://static.whatsapp.net/rsrc.php/v4/yg/r/BB2mmu6TMDw.js (152)
[0417/174436.024:INFO:CONSOLE(152)] "Event handler of 'x-storagemutated-1' event must be added on the initial evaluation of worker script.", source: https://static.whatsapp.net/rsrc.php/v4/yg/r/BB2mmu6TMDw.js (152)
[0417/174623.089:INFO:CONSOLE(152)] "Event handler of 'x-storagemutated-1' event must be added on the initial evaluation of worker script.", source: https://static.whatsapp.net/rsrc.php/v4/yg/r/BB2mmu6TMDw.js (152)
[0417/180917.458:INFO:CONSOLE(152)] "Event handler of 'x-storagemutated-1' event must be added on the initial evaluation of worker script.", source: https://static.whatsapp.net/rsrc.php/v4/yg/r/BB2mmu6TMDw.js (152)
[0417/182650.133:INFO:CONSOLE(152)] "Event handler of 'x-storagemutated-1' event must be added on the initial evaluation of worker script.", source: https://static.whatsapp.net/rsrc.php/v4/yg/r/BB2mmu6TMDw.js (152)
[0417/182652.478:WARNING:dns_config_service_win.cc(584)] Failed to read DnsConfig.
[0417/184820.049:INFO:CONSOLE(152)] "Event handler of 'x-storagemutated-1' event must be added on the initial evaluation of worker script.", source: https://static.whatsapp.net/rsrc.php/v4/yg/r/BB2mmu6TMDw.js (152)
[0417/185935.002:INFO:CONSOLE(152)] "Event handler of 'x-storagemutated-1' event must be added on the initial evaluation of worker script.", source: https://static.whatsapp.net/rsrc.php/v4/yg/r/BB2mmu6TMDw.js (152)
[0417/190841.418:INFO:CONSOLE(152)] "Event handler of 'x-storagemutated-1' event must be added on the initial evaluation of worker script.", source: https://static.whatsapp.net/rsrc.php/v4/yg/r/BB2mmu6TMDw.js (152)
[0417/191932.731:INFO:CONSOLE(152)] "Event handler of 'x-storagemutated-1' event must be added on the initial evaluation of worker script.", source: https://static.whatsapp.net/rsrc.php/v4/yg/r/BB2mmu6TMDw.js (152)
[0417/194036.130:INFO:CONSOLE(152)] "Event handler of 'x-storagemutated-1' event must be added on the initial evaluation of worker script.", source: https://static.whatsapp.net/rsrc.php/v4/yg/r/BB2mmu6TMDw.js (152)
[0417/194151.610:INFO:CONSOLE(152)] "Event handler of 'x-storagemutated-1' event must be added on the initial evaluation of worker script.", source: https://static.whatsapp.net/rsrc.php/v4/yg/r/BB2mmu6TMDw.js (152)
[0417/194655.578:INFO:CONSOLE(152)] "Event handler of 'x-storagemutated-1' event must be added on the initial evaluation of worker script.", source: https://static.whatsapp.net/rsrc.php/v4/yg/r/BB2mmu6TMDw.js (152)
[0417/195942.645:INFO:CONSOLE(152)] "Event handler of 'x-storagemutated-1' event must be added on the initial evaluation of worker script.", source: https://static.whatsapp.net/rsrc.php/v4/yg/r/BB2mmu6TMDw.js (152)
[0417/200142.279:INFO:CONSOLE(152)] "Event handler of 'x-storagemutated-1' event must be added on the initial evaluation of worker script.", source: https://static.whatsapp.net/rsrc.php/v4/yg/r/BB2mmu6TMDw.js (152)
